Using pre-set license
Built from '2020.3/release' branch; Version is '2020.3.7f1 (dd97f2c94397) revision 14522354'; Using compiler version '192528614'; Build Type 'Release'
OS: 'Windows 10 Pro; OS build 19043.1466; Version 2009; 64bit' Language: 'ru' Physical Memory: 16179 MB
BatchMode: 1, IsHumanControllingUs: 0, StartBugReporterOnCrash: 0, Is64bit: 1, IsPro: 0

 COMMAND LINE ARGUMENTS:
C:\Program Files\Unity\Hub\Editor\2020.3.7f1\Editor\Unity.exe
-adb2
-batchMode
-noUpm
-name
AssetImportWorker0
-projectPath
G:/Unity_Projects/CarGame2d
-logFile
Logs/AssetImportWorker0.log
-srvPort
59572
Successfully changed project path to: G:/Unity_Projects/CarGame2d
G:/Unity_Projects/CarGame2d
Using Asset Import Pipeline V2.
Refreshing native plugins compatible for Editor in 38.20 ms, found 1 plugins.
Preloading 0 native plugins for Editor in 0.00 ms.
Initialize engine version: 2020.3.7f1 (dd97f2c94397)
[Subsystems] Discovering subsystems at path C:/Program Files/Unity/Hub/Editor/2020.3.7f1/Editor/Data/Resources/UnitySubsystems
[Subsystems] Discovering subsystems at path G:/Unity_Projects/CarGame2d/Assets
GfxDevice: creating device client; threaded=0
Direct3D:
    Version:  Direct3D 11.0 [level 11.1]
    Renderer: NVIDIA GeForce GTX 1660 SUPER (ID=0x21c4)
    Vendor:   
    VRAM:     5992 MB
    Driver:   30.0.15.1165
Initialize mono
Mono path[0] = 'C:/Program Files/Unity/Hub/Editor/2020.3.7f1/Editor/Data/Managed'
Mono path[1] = 'C:/Program Files/Unity/Hub/Editor/2020.3.7f1/Editor/Data/MonoBleedingEdge/lib/mono/unityjit'
Mono config path = 'C:/Program Files/Unity/Hub/Editor/2020.3.7f1/Editor/Data/MonoBleedingEdge/etc'
Using monoOptions --debugger-agent=transport=dt_socket,embedding=1,server=y,suspend=n,address=127.0.0.1:56440
Begin MonoManager ReloadAssembly
Registering precompiled unity dll's ...
Register platform support module: C:/Program Files/Unity/Hub/Editor/2020.3.7f1/Editor/Data/PlaybackEngines/WebGLSupport/UnityEditor.WebGL.Extensions.dll
Register platform support module: C:/Program Files/Unity/Hub/Editor/2020.3.7f1/Editor/Data/PlaybackEngines/WindowsStandaloneSupport/UnityEditor.WindowsStandalone.Extensions.dll
Registered in 0.001604 seconds.
Native extension for WindowsStandalone target not found
Native extension for WebGL target not found
Refreshing native plugins compatible for Editor in 38.12 ms, found 1 plugins.
Preloading 0 native plugins for Editor in 0.00 ms.
Mono: successfully reloaded assembly
- Completed reload, in  1.535 seconds
Platform modules already initialized, skipping
Registering precompiled user dll's ...
Registered in 0.000764 seconds.
Begin MonoManager ReloadAssembly
Native extension for WindowsStandalone target not found
Native extension for WebGL target not found
Refreshing native plugins compatible for Editor in 39.89 ms, found 1 plugins.
Preloading 0 native plugins for Editor in 0.00 ms.
Mono: successfully reloaded assembly
- Completed reload, in  0.791 seconds
Platform modules already initialized, skipping
========================================================================
Worker process is ready to serve import requests
Launched and connected shader compiler UnityShaderCompiler.exe after 0.04 seconds
Refreshing native plugins compatible for Editor in 0.42 ms, found 1 plugins.
Preloading 0 native plugins for Editor in 0.00 ms.
Unloading 2589 Unused Serialized files (Serialized files now loaded: 0)
System memory in use before: 112.6 MB.
System memory in use after: 112.7 MB.

Unloading 49 unused Assets to reduce memory usage. Loaded Objects now: 3065.
Total: 2.188800 ms (FindLiveObjects: 0.193600 ms CreateObjectMapping: 0.077400 ms MarkObjects: 1.809400 ms  DeleteObjects: 0.107700 ms)

========================================================================
Received Import Request.
  path: Assets/Scripts/Analitics
  artifactKey: Guid(d2546fcf4f1eddc4f90e9317927122ee) Importer(815301076,1909f56bfc062723c751e8b465ee728b)
Start importing Assets/Scripts/Analitics using Guid(d2546fcf4f1eddc4f90e9317927122ee) Importer(815301076,1909f56bfc062723c751e8b465ee728b)  -> (artifact id: '45d9b7ab4c900cf9c2b4cf34771bf2f8') in 0.003387 seconds
  Import took 0.007571 seconds .

========================================================================
Received Import Request.
  Time since last request: 11.042047 seconds.
  path: Assets/Scripts/Notifications
  artifactKey: Guid(eb58ee675225138468c68da1f46cbb91) Importer(815301076,1909f56bfc062723c751e8b465ee728b)
Start importing Assets/Scripts/Notifications using Guid(eb58ee675225138468c68da1f46cbb91) Importer(815301076,1909f56bfc062723c751e8b465ee728b)  -> (artifact id: 'c3e09d1b6002381c7f9427a373d5b9c2') in 0.000820 seconds
  Import took 0.004789 seconds .

========================================================================
Received Import Request.
  Time since last request: 0.000555 seconds.
  path: Assets/Scripts/Notifications
  artifactKey: Guid(eb58ee675225138468c68da1f46cbb91) Importer(815301076,1909f56bfc062723c751e8b465ee728b)
Start importing Assets/Scripts/Notifications using Guid(eb58ee675225138468c68da1f46cbb91) Importer(815301076,1909f56bfc062723c751e8b465ee728b)  -> (artifact id: 'c3e09d1b6002381c7f9427a373d5b9c2') in 0.001234 seconds
  Import took 0.004794 seconds .

========================================================================
Received Import Request.
  Time since last request: 15.846971 seconds.
  path: Assets/Scripts/Notifications/NotificationsWindowView.cs
  artifactKey: Guid(6ee5a672fc1637043a9224e36c3ea224) Importer(815301076,1909f56bfc062723c751e8b465ee728b)
Start importing Assets/Scripts/Notifications/NotificationsWindowView.cs using Guid(6ee5a672fc1637043a9224e36c3ea224) Importer(815301076,1909f56bfc062723c751e8b465ee728b)  -> (artifact id: '44ba2bfe70c74519e4b7bfd575e0711f') in 0.017134 seconds
  Import took 0.020861 seconds .

========================================================================
Received Import Request.
  Time since last request: 69.743958 seconds.
  path: Assets/Scripts/Notifications/NotificationsWindowView.cs
  artifactKey: Guid(6ee5a672fc1637043a9224e36c3ea224) Importer(815301076,1909f56bfc062723c751e8b465ee728b)
Start importing Assets/Scripts/Notifications/NotificationsWindowView.cs using Guid(6ee5a672fc1637043a9224e36c3ea224) Importer(815301076,1909f56bfc062723c751e8b465ee728b)  -> (artifact id: '6db5d2efb3c423c54633cf656e2d2790') in 0.000947 seconds
  Import took 0.004815 seconds .

========================================================================
Received Import Request.
  Time since last request: 0.000445 seconds.
  path: Assets/Scripts/Notifications/NotificationsWindowView.cs
  artifactKey: Guid(6ee5a672fc1637043a9224e36c3ea224) Importer(815301076,1909f56bfc062723c751e8b465ee728b)
Start importing Assets/Scripts/Notifications/NotificationsWindowView.cs using Guid(6ee5a672fc1637043a9224e36c3ea224) Importer(815301076,1909f56bfc062723c751e8b465ee728b)  -> (artifact id: '6db5d2efb3c423c54633cf656e2d2790') in 0.001025 seconds
  Import took 0.003864 seconds .

========================================================================
Received Prepare
Registering precompiled user dll's ...
Registered in 0.000974 seconds.
Begin MonoManager ReloadAssembly
Native extension for WindowsStandalone target not found
Native extension for WebGL target not found
Refreshing native plugins compatible for Editor in 0.44 ms, found 1 plugins.
Preloading 0 native plugins for Editor in 0.00 ms.
Mono: successfully reloaded assembly
- Completed reload, in  0.711 seconds
Platform modules already initialized, skipping
Switching build target platform(5) subTarget(0) extendedPlatform(0) -> platform(13) subTarget(537395200) extendedPlatform(0)
Refreshing native plugins compatible for Editor in 0.41 ms, found 1 plugins.
Preloading 0 native plugins for Editor in 0.00 ms.
Unloading 2555 Unused Serialized files (Serialized files now loaded: 0)
System memory in use before: 110.8 MB.
System memory in use after: 110.9 MB.

Unloading 37 unused Assets to reduce memory usage. Loaded Objects now: 3069.
Total: 2.475900 ms (FindLiveObjects: 0.351600 ms CreateObjectMapping: 0.116000 ms MarkObjects: 1.906000 ms  DeleteObjects: 0.101600 ms)

AssetImportParameters requested are different than current active one (requested -> active):
  custom:graphics/normal-map-encoding: 01000000000000000000000000000000 -> 02000000000000000000000000000000
========================================================================
Received Prepare
Registering precompiled user dll's ...
Registered in 0.000867 seconds.
Begin MonoManager ReloadAssembly
Native extension for WindowsStandalone target not found
Native extension for WebGL target not found
Refreshing native plugins compatible for Editor in 0.54 ms, found 1 plugins.
Preloading 0 native plugins for Editor in 0.00 ms.
Mono: successfully reloaded assembly
- Completed reload, in  0.673 seconds
Platform modules already initialized, skipping
Switching build target platform(5) subTarget(0) extendedPlatform(0) -> platform(13) subTarget(537395200) extendedPlatform(0)
Refreshing native plugins compatible for Editor in 0.54 ms, found 1 plugins.
Preloading 0 native plugins for Editor in 0.00 ms.
Unloading 2599 Unused Serialized files (Serialized files now loaded: 0)
System memory in use before: 112.2 MB.
System memory in use after: 112.3 MB.

Unloading 50 unused Assets to reduce memory usage. Loaded Objects now: 3103.
Total: 1.719500 ms (FindLiveObjects: 0.151500 ms CreateObjectMapping: 0.060200 ms MarkObjects: 1.432200 ms  DeleteObjects: 0.074900 ms)

AssetImportParameters requested are different than current active one (requested -> active):
  custom:graphics/normal-map-encoding: 01000000000000000000000000000000 -> 02000000000000000000000000000000
========================================================================
Received Import Request.
  Time since last request: 82.212221 seconds.
  path: Assets/Scripts/Notifications/NotificationsWindowView.cs
  artifactKey: Guid(6ee5a672fc1637043a9224e36c3ea224) Importer(815301076,1909f56bfc062723c751e8b465ee728b)
Start importing Assets/Scripts/Notifications/NotificationsWindowView.cs using Guid(6ee5a672fc1637043a9224e36c3ea224) Importer(815301076,1909f56bfc062723c751e8b465ee728b)  -> (artifact id: '60dfa0686d38670bacebe8b5fc36512b') in 0.003448 seconds
  Import took 0.006682 seconds .

========================================================================
Received Import Request.
  Time since last request: 0.001053 seconds.
  path: Assets/Scripts/Notifications/NotificationsWindowView.cs
  artifactKey: Guid(6ee5a672fc1637043a9224e36c3ea224) Importer(815301076,1909f56bfc062723c751e8b465ee728b)
Start importing Assets/Scripts/Notifications/NotificationsWindowView.cs using Guid(6ee5a672fc1637043a9224e36c3ea224) Importer(815301076,1909f56bfc062723c751e8b465ee728b)  -> (artifact id: '60dfa0686d38670bacebe8b5fc36512b') in 0.000813 seconds
  Import took 0.003458 seconds .

========================================================================
Received Import Request.
  Time since last request: 373.073827 seconds.
  path: Assets/Scripts/Notifications/NotificationsWindowView.cs
  artifactKey: Guid(6ee5a672fc1637043a9224e36c3ea224) Importer(815301076,1909f56bfc062723c751e8b465ee728b)
Start importing Assets/Scripts/Notifications/NotificationsWindowView.cs using Guid(6ee5a672fc1637043a9224e36c3ea224) Importer(815301076,1909f56bfc062723c751e8b465ee728b)  -> (artifact id: 'dd1983ff9840cb276f2934edd91fd68c') in 0.001140 seconds
  Import took 0.005259 seconds .

========================================================================
Received Import Request.
  Time since last request: 0.001127 seconds.
  path: Assets/Scripts/Notifications/NotificationsWindowView.cs
  artifactKey: Guid(6ee5a672fc1637043a9224e36c3ea224) Importer(815301076,1909f56bfc062723c751e8b465ee728b)
Start importing Assets/Scripts/Notifications/NotificationsWindowView.cs using Guid(6ee5a672fc1637043a9224e36c3ea224) Importer(815301076,1909f56bfc062723c751e8b465ee728b)  -> (artifact id: 'dd1983ff9840cb276f2934edd91fd68c') in 0.000879 seconds
  Import took 0.003975 seconds .

========================================================================
Received Prepare
Registering precompiled user dll's ...
Registered in 0.000853 seconds.
Begin MonoManager ReloadAssembly
Native extension for WindowsStandalone target not found
Native extension for WebGL target not found
Refreshing native plugins compatible for Editor in 0.54 ms, found 1 plugins.
Preloading 0 native plugins for Editor in 0.00 ms.
Mono: successfully reloaded assembly
- Completed reload, in  0.738 seconds
Platform modules already initialized, skipping
Switching build target platform(5) subTarget(0) extendedPlatform(0) -> platform(13) subTarget(537395200) extendedPlatform(0)
Refreshing native plugins compatible for Editor in 0.52 ms, found 1 plugins.
Preloading 0 native plugins for Editor in 0.00 ms.
Unloading 2599 Unused Serialized files (Serialized files now loaded: 0)
System memory in use before: 112.2 MB.
System memory in use after: 112.3 MB.

Unloading 50 unused Assets to reduce memory usage. Loaded Objects now: 3106.
Total: 2.072200 ms (FindLiveObjects: 0.294200 ms CreateObjectMapping: 0.117300 ms MarkObjects: 1.574500 ms  DeleteObjects: 0.085300 ms)

AssetImportParameters requested are different than current active one (requested -> active):
  custom:graphics/normal-map-encoding: 01000000000000000000000000000000 -> 02000000000000000000000000000000
========================================================================
Received Import Request.
  Time since last request: 954.177328 seconds.
  path: Assets/Scripts/Notifications/NotificationsWindowView.cs
  artifactKey: Guid(6ee5a672fc1637043a9224e36c3ea224) Importer(815301076,1909f56bfc062723c751e8b465ee728b)
Start importing Assets/Scripts/Notifications/NotificationsWindowView.cs using Guid(6ee5a672fc1637043a9224e36c3ea224) Importer(815301076,1909f56bfc062723c751e8b465ee728b)  -> (artifact id: 'ea3322db377c3bd6ba202f690708af5e') in 0.005093 seconds
  Import took 0.009221 seconds .

========================================================================
Received Import Request.
  Time since last request: 0.113740 seconds.
  path: Assets/Scripts/Notifications/NotificationsWindowView.cs
  artifactKey: Guid(6ee5a672fc1637043a9224e36c3ea224) Importer(815301076,1909f56bfc062723c751e8b465ee728b)
Start importing Assets/Scripts/Notifications/NotificationsWindowView.cs using Guid(6ee5a672fc1637043a9224e36c3ea224) Importer(815301076,1909f56bfc062723c751e8b465ee728b)  -> (artifact id: 'ea3322db377c3bd6ba202f690708af5e') in 0.000760 seconds
  Import took 0.003442 seconds .

========================================================================
Received Prepare
Registering precompiled user dll's ...
Registered in 0.002476 seconds.
Begin MonoManager ReloadAssembly
Native extension for WindowsStandalone target not found
Native extension for WebGL target not found
Refreshing native plugins compatible for Editor in 0.51 ms, found 1 plugins.
Preloading 0 native plugins for Editor in 0.00 ms.
Mono: successfully reloaded assembly
- Completed reload, in  0.700 seconds
Platform modules already initialized, skipping
Switching build target platform(5) subTarget(0) extendedPlatform(0) -> platform(13) subTarget(537395200) extendedPlatform(0)
Refreshing native plugins compatible for Editor in 0.52 ms, found 1 plugins.
Preloading 0 native plugins for Editor in 0.00 ms.
Unloading 2599 Unused Serialized files (Serialized files now loaded: 0)
System memory in use before: 112.2 MB.
System memory in use after: 112.3 MB.

Unloading 50 unused Assets to reduce memory usage. Loaded Objects now: 3109.
Total: 1.699900 ms (FindLiveObjects: 0.163400 ms CreateObjectMapping: 0.062500 ms MarkObjects: 1.387000 ms  DeleteObjects: 0.086300 ms)

AssetImportParameters requested are different than current active one (requested -> active):
  custom:graphics/normal-map-encoding: 01000000000000000000000000000000 -> 02000000000000000000000000000000
========================================================================
Received Import Request.
  Time since last request: 756.434686 seconds.
  path: Assets/Scripts/Notifications/NotificationsWindowView.cs
  artifactKey: Guid(6ee5a672fc1637043a9224e36c3ea224) Importer(815301076,1909f56bfc062723c751e8b465ee728b)
Start importing Assets/Scripts/Notifications/NotificationsWindowView.cs using Guid(6ee5a672fc1637043a9224e36c3ea224) Importer(815301076,1909f56bfc062723c751e8b465ee728b)  -> (artifact id: 'd75f07c6d05b8ac6b7c883c0eb80ceb2') in 0.005602 seconds
  Import took 0.010494 seconds .

========================================================================
Received Import Request.
  Time since last request: 0.119597 seconds.
  path: Assets/Scripts/Notifications/NotificationsWindowView.cs
  artifactKey: Guid(6ee5a672fc1637043a9224e36c3ea224) Importer(815301076,1909f56bfc062723c751e8b465ee728b)
Start importing Assets/Scripts/Notifications/NotificationsWindowView.cs using Guid(6ee5a672fc1637043a9224e36c3ea224) Importer(815301076,1909f56bfc062723c751e8b465ee728b)  -> (artifact id: 'd75f07c6d05b8ac6b7c883c0eb80ceb2') in 0.001409 seconds
  Import took 0.005568 seconds .

========================================================================
Received Prepare
Registering precompiled user dll's ...
Registered in 0.000991 seconds.
Begin MonoManager ReloadAssembly
Native extension for WindowsStandalone target not found
Native extension for WebGL target not found
Refreshing native plugins compatible for Editor in 0.51 ms, found 1 plugins.
Preloading 0 native plugins for Editor in 0.00 ms.
Mono: successfully reloaded assembly
- Completed reload, in  0.740 seconds
Platform modules already initialized, skipping
Switching build target platform(5) subTarget(0) extendedPlatform(0) -> platform(13) subTarget(537395200) extendedPlatform(0)
Refreshing native plugins compatible for Editor in 0.50 ms, found 1 plugins.
Preloading 0 native plugins for Editor in 0.00 ms.
Unloading 2599 Unused Serialized files (Serialized files now loaded: 0)
System memory in use before: 112.2 MB.
System memory in use after: 112.2 MB.

Unloading 50 unused Assets to reduce memory usage. Loaded Objects now: 3112.
Total: 1.772300 ms (FindLiveObjects: 0.193000 ms CreateObjectMapping: 0.067200 ms MarkObjects: 1.424700 ms  DeleteObjects: 0.086200 ms)

AssetImportParameters requested are different than current active one (requested -> active):
  custom:graphics/normal-map-encoding: 01000000000000000000000000000000 -> 02000000000000000000000000000000
========================================================================
Received Import Request.
  Time since last request: 1409.614268 seconds.
  path: Assets/Scripts/Localization.cs
  artifactKey: Guid(0100b1f9f7591d1489a9ca2badb94edb) Importer(815301076,1909f56bfc062723c751e8b465ee728b)
Start importing Assets/Scripts/Localization.cs using Guid(0100b1f9f7591d1489a9ca2badb94edb) Importer(815301076,1909f56bfc062723c751e8b465ee728b)  -> (artifact id: '87c4c06783ad1d657c504c65b1c5fb63') in 0.005323 seconds
  Import took 0.009494 seconds .

========================================================================
Received Prepare
Registering precompiled user dll's ...
Registered in 0.000847 seconds.
Begin MonoManager ReloadAssembly
Native extension for WindowsStandalone target not found
Native extension for WebGL target not found
Refreshing native plugins compatible for Editor in 0.50 ms, found 1 plugins.
Preloading 0 native plugins for Editor in 0.00 ms.
Mono: successfully reloaded assembly
- Completed reload, in  0.771 seconds
Platform modules already initialized, skipping
Switching build target platform(5) subTarget(0) extendedPlatform(0) -> platform(13) subTarget(537395200) extendedPlatform(0)
Refreshing native plugins compatible for Editor in 0.68 ms, found 1 plugins.
Preloading 0 native plugins for Editor in 0.00 ms.
Unloading 2600 Unused Serialized files (Serialized files now loaded: 0)
System memory in use before: 112.3 MB.
System memory in use after: 112.4 MB.

Unloading 50 unused Assets to reduce memory usage. Loaded Objects now: 3116.
Total: 1.766200 ms (FindLiveObjects: 0.171700 ms CreateObjectMapping: 0.062500 ms MarkObjects: 1.443000 ms  DeleteObjects: 0.088300 ms)

AssetImportParameters requested are different than current active one (requested -> active):
  custom:graphics/normal-map-encoding: 01000000000000000000000000000000 -> 02000000000000000000000000000000
========================================================================
Received Import Request.
  Time since last request: 133.045435 seconds.
  path: Assets/Scripts/Localization.cs
  artifactKey: Guid(0100b1f9f7591d1489a9ca2badb94edb) Importer(815301076,1909f56bfc062723c751e8b465ee728b)
Start importing Assets/Scripts/Localization.cs using Guid(0100b1f9f7591d1489a9ca2badb94edb) Importer(815301076,1909f56bfc062723c751e8b465ee728b)  -> (artifact id: '1124f0561f8037ca472ba58cd3982061') in 0.003901 seconds
  Import took 0.007371 seconds .

========================================================================
Received Import Request.
  Time since last request: 0.005678 seconds.
  path: Assets/Scripts/Localization.cs
  artifactKey: Guid(0100b1f9f7591d1489a9ca2badb94edb) Importer(815301076,1909f56bfc062723c751e8b465ee728b)
Start importing Assets/Scripts/Localization.cs using Guid(0100b1f9f7591d1489a9ca2badb94edb) Importer(815301076,1909f56bfc062723c751e8b465ee728b)  -> (artifact id: '1124f0561f8037ca472ba58cd3982061') in 0.000851 seconds
  Import took 0.003965 seconds .

========================================================================
Received Prepare
Registering precompiled user dll's ...
Registered in 0.000892 seconds.
Begin MonoManager ReloadAssembly
Native extension for WindowsStandalone target not found
Native extension for WebGL target not found
Refreshing native plugins compatible for Editor in 0.48 ms, found 1 plugins.
Preloading 0 native plugins for Editor in 0.00 ms.
Mono: successfully reloaded assembly
- Completed reload, in  0.705 seconds
Platform modules already initialized, skipping
Switching build target platform(5) subTarget(0) extendedPlatform(0) -> platform(13) subTarget(537395200) extendedPlatform(0)
Refreshing native plugins compatible for Editor in 0.54 ms, found 1 plugins.
Preloading 0 native plugins for Editor in 0.00 ms.
Unloading 2600 Unused Serialized files (Serialized files now loaded: 0)
System memory in use before: 112.3 MB.
System memory in use after: 112.4 MB.

Unloading 50 unused Assets to reduce memory usage. Loaded Objects now: 3119.
Total: 1.571800 ms (FindLiveObjects: 0.151600 ms CreateObjectMapping: 0.059500 ms MarkObjects: 1.282800 ms  DeleteObjects: 0.077300 ms)

AssetImportParameters requested are different than current active one (requested -> active):
  custom:graphics/normal-map-encoding: 01000000000000000000000000000000 -> 02000000000000000000000000000000
========================================================================
Received Import Request.
  Time since last request: 172.481743 seconds.
  path: Assets/Scripts/Localization
  artifactKey: Guid(4f66b1d61fe2d164a8cfc9b0f775b76d) Importer(815301076,1909f56bfc062723c751e8b465ee728b)
Start importing Assets/Scripts/Localization using Guid(4f66b1d61fe2d164a8cfc9b0f775b76d) Importer(815301076,1909f56bfc062723c751e8b465ee728b)  -> (artifact id: '50d30b8345bf1d92825771581d6fea42') in 0.005589 seconds
  Import took 0.009099 seconds .

========================================================================
Received Prepare
Registering precompiled user dll's ...
Registered in 0.000816 seconds.
Begin MonoManager ReloadAssembly
Native extension for WindowsStandalone target not found
Native extension for WebGL target not found
Refreshing native plugins compatible for Editor in 0.48 ms, found 1 plugins.
Preloading 0 native plugins for Editor in 0.00 ms.
Mono: successfully reloaded assembly
- Completed reload, in  0.710 seconds
Platform modules already initialized, skipping
Switching build target platform(5) subTarget(0) extendedPlatform(0) -> platform(13) subTarget(537395200) extendedPlatform(0)
Refreshing native plugins compatible for Editor in 0.51 ms, found 1 plugins.
Preloading 0 native plugins for Editor in 0.00 ms.
Unloading 2601 Unused Serialized files (Serialized files now loaded: 0)
System memory in use before: 112.3 MB.
System memory in use after: 112.4 MB.

Unloading 50 unused Assets to reduce memory usage. Loaded Objects now: 3123.
Total: 2.161600 ms (FindLiveObjects: 0.395700 ms CreateObjectMapping: 0.146800 ms MarkObjects: 1.519600 ms  DeleteObjects: 0.098400 ms)

AssetImportParameters requested are different than current active one (requested -> active):
  custom:graphics/normal-map-encoding: 01000000000000000000000000000000 -> 02000000000000000000000000000000
========================================================================
Received Import Request.
  Time since last request: 14.873795 seconds.
  path: Assets/Scripts/Localization.cs
  artifactKey: Guid(e4b1456d6f144934fa2abbec89bbf640) Importer(815301076,1909f56bfc062723c751e8b465ee728b)
Start importing Assets/Scripts/Localization.cs using Guid(e4b1456d6f144934fa2abbec89bbf640) Importer(815301076,1909f56bfc062723c751e8b465ee728b)  -> (artifact id: 'b5d4dda0149d10625f4727d7e7e1d29e') in 0.003090 seconds
  Import took 0.005941 seconds .

========================================================================
Received Import Request.
  Time since last request: 0.000586 seconds.
  path: Assets/Scripts/Localization.cs
  artifactKey: Guid(e4b1456d6f144934fa2abbec89bbf640) Importer(815301076,1909f56bfc062723c751e8b465ee728b)
Start importing Assets/Scripts/Localization.cs using Guid(e4b1456d6f144934fa2abbec89bbf640) Importer(815301076,1909f56bfc062723c751e8b465ee728b)  -> (artifact id: 'b5d4dda0149d10625f4727d7e7e1d29e') in 0.000802 seconds
  Import took 0.003302 seconds .

========================================================================
Received Prepare
Registering precompiled user dll's ...
Registered in 0.000994 seconds.
Begin MonoManager ReloadAssembly
Native extension for WindowsStandalone target not found
Native extension for WebGL target not found
Refreshing native plugins compatible for Editor in 0.52 ms, found 1 plugins.
Preloading 0 native plugins for Editor in 0.00 ms.
Mono: successfully reloaded assembly
- Completed reload, in  0.743 seconds
Platform modules already initialized, skipping
Switching build target platform(5) subTarget(0) extendedPlatform(0) -> platform(13) subTarget(537395200) extendedPlatform(0)
Refreshing native plugins compatible for Editor in 0.59 ms, found 1 plugins.
Preloading 0 native plugins for Editor in 0.00 ms.
Unloading 2600 Unused Serialized files (Serialized files now loaded: 0)
System memory in use before: 112.3 MB.
System memory in use after: 112.4 MB.

Unloading 51 unused Assets to reduce memory usage. Loaded Objects now: 3125.
Total: 1.958500 ms (FindLiveObjects: 0.242500 ms CreateObjectMapping: 0.071900 ms MarkObjects: 1.543700 ms  DeleteObjects: 0.099100 ms)

AssetImportParameters requested are different than current active one (requested -> active):
  custom:graphics/normal-map-encoding: 01000000000000000000000000000000 -> 02000000000000000000000000000000
========================================================================
Received Import Request.
  Time since last request: 36.047971 seconds.
  path: Assets/Scripts/Localization/LocalizationTables
  artifactKey: Guid(856452c98fb891c45a3e890ab78a1ec4) Importer(815301076,1909f56bfc062723c751e8b465ee728b)
Start importing Assets/Scripts/Localization/LocalizationTables using Guid(856452c98fb891c45a3e890ab78a1ec4) Importer(815301076,1909f56bfc062723c751e8b465ee728b)  -> (artifact id: '73786b987e15c8cca6a749576de2c9b1') in 0.004517 seconds
  Import took 0.007986 seconds .

========================================================================
Received Import Request.
  Time since last request: 11.644552 seconds.
  path: Assets/Scripts/Localization/Locales
  artifactKey: Guid(05e776b7e2a34014d9250650ff543c41) Importer(815301076,1909f56bfc062723c751e8b465ee728b)
Start importing Assets/Scripts/Localization/Locales using Guid(05e776b7e2a34014d9250650ff543c41) Importer(815301076,1909f56bfc062723c751e8b465ee728b)  -> (artifact id: 'b07457ef85dd879d8fb3cdbef63bc62a') in 0.000820 seconds
  Import took 0.004159 seconds .

========================================================================
Received Import Request.
  Time since last request: 0.001190 seconds.
  path: Assets/Scripts/Localization/Locales
  artifactKey: Guid(05e776b7e2a34014d9250650ff543c41) Importer(815301076,1909f56bfc062723c751e8b465ee728b)
Start importing Assets/Scripts/Localization/Locales using Guid(05e776b7e2a34014d9250650ff543c41) Importer(815301076,1909f56bfc062723c751e8b465ee728b)  -> (artifact id: 'b07457ef85dd879d8fb3cdbef63bc62a') in 0.000865 seconds
  Import took 0.003483 seconds .

========================================================================
Received Prepare
Registering precompiled user dll's ...
Registered in 0.005746 seconds.
Begin MonoManager ReloadAssembly
The file 'MemoryStream' is corrupted! Remove it and launch unity again!
[Position out of bounds!]

Fatal Error! The file 'MemoryStream' is corrupted! Remove it and launch unity again!
[Position out of bounds!]

Crash!!!
SymInit: Symbol-SearchPath: 'C:/Program Files/Unity/Hub/Editor/2020.3.7f1/Editor/Data/Mono;.;G:\Unity_Projects\CarGame2d;C:\Program Files\Unity\Hub\Editor\2020.3.7f1\Editor;C:\Windows;C:\Windows\system32;SRV*C:\websymbols*http://msdl.microsoft.com/download/symbols;', symOptions: 534, UserName: 'MickleG'
OS-Version: 10.0.0
C:\Program Files\Unity\Hub\Editor\2020.3.7f1\Editor\Unity.exe:Unity.exe (00007FF74CB80000), size: 134955008 (result: 0), SymType: '-deferred-', PDB: '', fileVersion: 2020.3.7.38898
C:\Windows\SYSTEM32\ntdll.dll:ntdll.dll (00007FFC21610000), size: 2052096 (result: 0), SymType: '-deferred-', PDB: '', fileVersion: 10.0.19041.1466
C:\Windows\System32\KERNEL32.DLL:KERNEL32.DLL (00007FFC20540000), size: 778240 (result: 0), SymType: '-deferred-', PDB: '', fileVersion: 10.0.19041.1466
C:\Windows\System32\KERNELBASE.dll:KERNELBASE.dll (00007FFC1F040000), size: 2916352 (result: 0), SymType: '-deferred-', PDB: '', fileVersion: 10.0.19041.1466
C:\Windows\System32\CRYPT32.dll:CRYPT32.dll (00007FFC1EE30000), size: 1400832 (result: 0), SymType: '-deferred-', PDB: '', fileVersion: 10.0.19041.1320
C:\Windows\System32\ucrtbase.dll:ucrtbase.dll (00007FFC1F3F0000), size: 1048576 (result: 0), SymType: '-deferred-', PDB: '', fileVersion: 10.0.19041.789
C:\Windows\System32\USER32.dll:USER32.dll (00007FFC1FF00000), size: 1708032 (result: 0), SymType: '-deferred-', PDB: '', fileVersion: 10.0.19041.1202
C:\Windows\System32\win32u.dll:win32u.dll (00007FFC1EE00000), size: 139264 (result: 0), SymType: '-deferred-', PDB: '', fileVersion: 10.0.19041.1466
C:\Windows\System32\GDI32.dll:GDI32.dll (00007FFC214C0000), size: 176128 (result: 0), SymType: '-deferred-', PDB: '', fileVersion: 10.0.19041.1202
C:\Program Files\Unity\Hub\Editor\2020.3.7f1\Editor\libfbxsdk.dll:libfbxsdk.dll (00007FFB79B30000), size: 8974336 (result: 0), SymType: '-deferred-', PDB: '', fileVersion: 2020.0.0.0
C:\Program Files\Unity\Hub\Editor\2020.3.7f1\Editor\OpenImageDenoise.dll:OpenImageDenoise.dll (00007FFB735C0000), size: 43806720 (result: 0), SymType: '-deferred-', PDB: ''
C:\Program Files\Unity\Hub\Editor\2020.3.7f1\Editor\optix.6.0.0.dll:optix.6.0.0.dll (00007FFBEAE10000), size: 208896 (result: 0), SymType: '-deferred-', PDB: '', fileVersion: 6.0.0.0
C:\Windows\System32\gdi32full.dll:gdi32full.dll (00007FFC1ECF0000), size: 1101824 (result: 0), SymType: '-deferred-', PDB: '', fileVersion: 10.0.19041.1466
C:\Windows\System32\msvcp_win.dll:msvcp_win.dll (00007FFC1F580000), size: 643072 (result: 0), SymType: '-deferred-', PDB: '', fileVersion: 10.0.19041.789
C:\Windows\System32\ADVAPI32.dll:ADVAPI32.dll (00007FFC1FDF0000), size: 712704 (result: 0), SymType: '-deferred-', PDB: '', fileVersion: 10.0.19041.1466
C:\Windows\System32\msvcrt.dll:msvcrt.dll (00007FFC20E00000), size: 647168 (result: 0), SymType: '-deferred-', PDB: '', fileVersion: 7.0.19041.546
C:\Program Files\Unity\Hub\Editor\2020.3.7f1\Editor\umbraoptimizer64.dll:umbraoptimizer64.dll (00007FFB7F330000), size: 1306624 (result: 0), SymType: '-deferred-', PDB: ''
C:\Windows\System32\sechost.dll:sechost.dll (00007FFC213A0000), size: 638976 (result: 0), SymType: '-deferred-', PDB: '', fileVersion: 10.0.19041.1466
C:\Windows\System32\WS2_32.dll:WS2_32.dll (00007FFC20FC0000), size: 438272 (result: 0), SymType: '-deferred-', PDB: '', fileVersion: 10.0.19041.546
C:\Program Files\Unity\Hub\Editor\2020.3.7f1\Editor\FreeImage.dll:FreeImage.dll (0000000180000000), size: 6414336 (result: 0), SymType: '-deferred-', PDB: '', fileVersion: 3.18.0.0
C:\Windows\System32\RPCRT4.dll:RPCRT4.dll (00007FFC1F750000), size: 1200128 (result: 0), SymType: '-deferred-', PDB: '', fileVersion: 10.0.19041.1466
C:\Windows\System32\WLDAP32.dll:WLDAP32.dll (00007FFC1F6F0000), size: 352256 (result: 0), SymType: '-deferred-', PDB: '', fileVersion: 10.0.19041.546
C:\Windows\System32\SHELL32.dll:SHELL32.dll (00007FFC206B0000), size: 7618560 (result: 0), SymType: '-deferred-', PDB: '', fileVersion: 10.0.19041.1466
C:\Windows\System32\Normaliz.dll:Normaliz.dll (00007FFC20F00000), size: 32768 (result: 0), SymType: '-deferred-', PDB: '', fileVersion: 10.0.19041.546
C:\Windows\System32\SHLWAPI.dll:SHLWAPI.dll (00007FFC20EA0000), size: 348160 (result: 0), SymType: '-deferred-', PDB: '', fileVersion: 10.0.19041.1023
C:\Program Files\Unity\Hub\Editor\2020.3.7f1\Editor\ispc_texcomp.dll:ispc_texcomp.dll (00007FFB7F1A0000), size: 1609728 (result: 0), SymType: '-deferred-', PDB: ''
C:\Program Files\Unity\Hub\Editor\2020.3.7f1\Editor\WinPixEventRuntime.dll:WinPixEventRuntime.dll (00007FFC11790000), size: 45056 (result: 0), SymType: '-deferred-', PDB: '', fileVersion: 1.0.1812.6001
C:\Windows\System32\ole32.dll:ole32.dll (00007FFC21270000), size: 1220608 (result: 0), SymType: '-deferred-', PDB: '', fileVersion: 10.0.19041.1202
C:\Windows\System32\combase.dll:combase.dll (00007FFC1F8E0000), size: 3493888 (result: 0), SymType: '-deferred-', PDB: '', fileVersion: 10.0.19041.1348
C:\Windows\System32\IMM32.dll:IMM32.dll (00007FFC21160000), size: 196608 (result: 0), SymType: '-deferred-', PDB: '', fileVersion: 10.0.19041.546
C:\Program Files\Unity\Hub\Editor\2020.3.7f1\Editor\tbb.dll:tbb.dll (00007FFBA62D0000), size: 413696 (result: 0), SymType: '-deferred-', PDB: '', fileVersion: 2017.0.2016.1004
C:\Windows\System32\SETUPAPI.dll:SETUPAPI.dll (00007FFC200C0000), size: 4661248 (result: 0), SymType: '-deferred-', PDB: '', fileVersion: 10.0.19041.1237
C:\Windows\SYSTEM32\VCRUNTIME140.dll:VCRUNTIME140.dll (00007FFC02D70000), size: 110592 (result: 0), SymType: '-deferred-', PDB: '', fileVersion: 14.29.30135.0
C:\Windows\System32\cfgmgr32.dll:cfgmgr32.dll (00007FFC1EFF0000), size: 319488 (result: 0), SymType: '-deferred-', PDB: '', fileVersion: 10.0.19041.1151
C:\Windows\System32\bcrypt.dll:bcrypt.dll (00007FFC1F310000), size: 159744 (result: 0), SymType: '-deferred-', PDB: '', fileVersion: 10.0.19041.1023
C:\Windows\System32\OLEAUT32.dll:OLEAUT32.dll (00007FFC1F620000), size: 839680 (result: 0), SymType: '-deferred-', PDB: '', fileVersion: 10.0.19041.985
C:\Windows\System32\WINTRUST.dll:WINTRUST.dll (00007FFC1EF90000), size: 393216 (result: 0), SymType: '-deferred-', PDB: '', fileVersion: 10.0.19041.1466
C:\Windows\SYSTEM32\OPENGL32.dll:OPENGL32.dll (00007FFBF3F80000), size: 1200128 (result: 0), SymType: '-deferred-', PDB: '', fileVersion: 10.0.19041.1081
C:\Windows\SYSTEM32\GLU32.dll:GLU32.dll (00007FFC10E80000), size: 180224 (result: 0), SymType: '-deferred-', PDB: '', fileVersion: 10.0.19041.1081
C:\Windows\SYSTEM32\MSVCP140.dll:MSVCP140.dll (00007FFC02CB0000), size: 577536 (result: 0), SymType: '-deferred-', PDB: '', fileVersion: 14.29.30135.0
C:\Windows\SYSTEM32\MSVCP120.dll:MSVCP120.dll (00007FFB7F690000), size: 679936 (result: 0), SymType: '-deferred-', PDB: '', fileVersion: 12.0.40660.0
C:\Windows\SYSTEM32\IPHLPAPI.DLL:IPHLPAPI.DLL (00007FFC1E140000), size: 241664 (result: 0), SymType: '-deferred-', PDB: '', fileVersion: 10.0.19041.546
C:\Windows\SYSTEM32\MSVCR120.dll:MSVCR120.dll (00007FFB7DAF0000), size: 978944 (result: 0), SymType: '-deferred-', PDB: '', fileVersion: 12.0.40660.0
C:\Windows\SYSTEM32\WINHTTP.dll:WINHTTP.dll (00007FFC17370000), size: 1097728 (result: 0), SymType: '-deferred-', PDB: '', fileVersion: 10.0.19041.1320
C:\Windows\SYSTEM32\WINMM.dll:WINMM.dll (00007FFC12490000), size: 159744 (result: 0), SymType: '-deferred-', PDB: '', fileVersion: 10.0.19041.546
C:\Windows\SYSTEM32\HID.DLL:HID.DLL (00007FFC1D550000), size: 53248 (result: 0), SymType: '-deferred-', PDB: '', fileVersion: 10.0.19041.546
C:\Program Files\Unity\Hub\Editor\2020.3.7f1\Editor\RadeonImageFilters.dll:RadeonImageFilters.dll (00007FFB7B0D0000), size: 2535424 (result: 0), SymType: '-deferred-', PDB: '', fileVersion: 1.5.1.0
C:\Program Files\Unity\Hub\Editor\2020.3.7f1\Editor\SketchUpAPI.dll:SketchUpAPI.dll (00007FFB792A0000), size: 8978432 (result: 0), SymType: '-deferred-', PDB: '', fileVersion: 19.0.753.0
C:\Windows\SYSTEM32\VERSION.dll:VERSION.dll (00007FFC18A30000), size: 40960 (result: 0), SymType: '-deferred-', PDB: '', fileVersion: 10.0.19041.546
C:\Windows\SYSTEM32\WSOCK32.dll:WSOCK32.dll (00007FFBEF850000), size: 36864 (result: 0), SymType: '-deferred-', PDB: '', fileVersion: 10.0.19041.1
C:\Windows\SYSTEM32\VCRUNTIME140_1.dll:VCRUNTIME140_1.dll (00007FFC03B90000), size: 49152 (result: 0), SymType: '-deferred-', PDB: '', fileVersion: 14.29.30135.0
C:\Program Files\Unity\Hub\Editor\2020.3.7f1\Editor\SketchUpCommonPreferences.dll:SketchUpCommonPreferences.dll (00007FFBA6250000), size: 483328 (result: 0), SymType: '-deferred-', PDB: '', fileVersion: 19.0.753.20342
C:\Windows\SYSTEM32\Secur32.dll:Secur32.dll (00007FFBFBE00000), size: 49152 (result: 0), SymType: '-deferred-', PDB: '', fileVersion: 10.0.19041.546
C:\Windows\SYSTEM32\SSPICLI.DLL:SSPICLI.DLL (00007FFC1EBB0000), size: 200704 (result: 0), SymType: '-deferred-', PDB: '', fileVersion: 10.0.19041.1266
C:\Windows\SYSTEM32\CRYPTBASE.DLL:CRYPTBASE.DLL (00007FFC1E690000), size: 49152 (result: 0), SymType: '-deferred-', PDB: '', fileVersion: 10.0.19041.546
C:\Program Files\Unity\Hub\Editor\2020.3.7f1\Editor\OpenRL.dll:OpenRL.dll (0000019FC9CA0000), size: 12779520 (result: 0), SymType: '-deferred-', PDB: '', fileVersion: 1.5.0.2907
C:\Windows\SYSTEM32\MSVCR100.dll:MSVCR100.dll (000000006D9D0000), size: 860160 (result: 0), SymType: '-deferred-', PDB: '', fileVersion: 10.0.40219.325
C:\Windows\SYSTEM32\MSVCP100.dll:MSVCP100.dll (000000006D930000), size: 622592 (result: 0), SymType: '-deferred-', PDB: '', fileVersion: 10.0.40219.325
C:\Program Files\Unity\Hub\Editor\2020.3.7f1\Editor\embree.dll:embree.dll (00007FFB76AB0000), size: 16711680 (result: 0), SymType: '-deferred-', PDB: '', fileVersion: 2.14.0.0
C:\Windows\SYSTEM32\MSWSOCK.DLL:MSWSOCK.DLL (00007FFC1E4A0000), size: 434176 (result: 0), SymType: '-deferred-', PDB: '', fileVersion: 10.0.19041.546
C:\Program Files\Unity\Hub\Editor\2020.3.7f1\Editor\OpenRL_pthread.dll:OpenRL_pthread.dll (0000019FCA8F0000), size: 61440 (result: 0), SymType: '-deferred-', PDB: '', fileVersion: 2.9.0.0
C:\Windows\SYSTEM32\MSASN1.dll:MSASN1.dll (00007FFC1E8D0000), size: 73728 (result: 0), SymType: '-deferred-', PDB: '', fileVersion: 10.0.19041.546
C:\Windows\SYSTEM32\kernel.appcore.dll:kernel.appcore.dll (00007FFC1D590000), size: 73728 (result: 0), SymType: '-deferred-', PDB: '', fileVersion: 10.0.19041.546
C:\Windows\System32\bcryptPrimitives.dll:bcryptPrimitives.dll (00007FFC1F4F0000), size: 532480 (result: 0), SymType: '-deferred-', PDB: '', fileVersion: 10.0.19041.1415
C:\Windows\system32\uxtheme.dll:uxtheme.dll (00007FFC1C250000), size: 647168 (result: 0), SymType: '-deferred-', PDB: '', fileVersion: 10.0.19041.1266
C:\Windows\System32\shcore.dll:shcore.dll (00007FFC20F10000), size: 708608 (result: 0), SymType: '-deferred-', PDB: '', fileVersion: 10.0.19041.1387
C:\Windows\SYSTEM32\windows.storage.dll:windows.storage.dll (00007FFC1CC60000), size: 7950336 (result: 0), SymType: '-deferred-', PDB: '', fileVersion: 10.0.19041.1466
C:\Windows\SYSTEM32\Wldp.dll:Wldp.dll (00007FFC1E740000), size: 188416 (result: 0), SymType: '-deferred-', PDB: '', fileVersion: 10.0.19041.1320
C:\Windows\SYSTEM32\profapi.dll:profapi.dll (00007FFC1EC30000), size: 126976 (result: 0), SymType: '-deferred-', PDB: '', fileVersion: 10.0.19041.844
C:\Windows\System32\clbcatq.dll:clbcatq.dll (00007FFC214F0000), size: 692224 (result: 0), SymType: '-deferred-', PDB: '', fileVersion: 2001.12.10941.16384
C:\Windows\System32\netprofm.dll:netprofm.dll (00007FFC19D20000), size: 253952 (result: 0), SymType: '-deferred-', PDB: '', fileVersion: 10.0.19041.906
C:\Windows\System32\npmproxy.dll:npmproxy.dll (00007FFC176C0000), size: 65536 (result: 0), SymType: '-deferred-', PDB: '', fileVersion: 10.0.19041.906
C:\Windows\System32\NSI.dll:NSI.dll (00007FFC200B0000), size: 32768 (result: 0), SymType: '-deferred-', PDB: '', fileVersion: 10.0.19041.610
C:\Windows\SYSTEM32\dhcpcsvc6.DLL:dhcpcsvc6.DLL (00007FFC18270000), size: 94208 (result: 0), SymType: '-deferred-', PDB: '', fileVersion: 10.0.19041.546
C:\Windows\SYSTEM32\dhcpcsvc.DLL:dhcpcsvc.DLL (00007FFC18250000), size: 118784 (result: 0), SymType: '-deferred-', PDB: '', fileVersion: 10.0.19041.546
C:\Windows\SYSTEM32\DNSAPI.dll:DNSAPI.dll (00007FFC1E180000), size: 831488 (result: 0), SymType: '-deferred-', PDB: '', fileVersion: 10.0.19041.1320
C:\Windows\System32\fwpuclnt.dll:fwpuclnt.dll (00007FFC14980000), size: 520192 (result: 0), SymType: '-deferred-', PDB: '', fileVersion: 10.0.19041.1466
C:\Windows\System32\rasadhlp.dll:rasadhlp.dll (00007FFC15780000), size: 40960 (result: 0), SymType: '-deferred-', PDB: '', fileVersion: 10.0.19041.546
C:\Windows\SYSTEM32\d3d11.dll:d3d11.dll (00007FFC1A7A0000), size: 2506752 (result: 0), SymType: '-deferred-', PDB: '', fileVersion: 10.0.19041.1202
C:\Windows\SYSTEM32\dxgi.dll:dxgi.dll (00007FFC1D5E0000), size: 999424 (result: 0), SymType: '-deferred-', PDB: '', fileVersion: 10.0.19041.1266
C:\Windows\System32\DriverStore\FileRepository\nv_dispi.inf_amd64_31a2adf8c49e7799\nvldumdx.dll:nvldumdx.dll (00007FFC19470000), size: 1077248 (result: 0), SymType: '-deferred-', PDB: '', fileVersion: 30.0.15.1165
C:\Windows\SYSTEM32\cryptnet.dll:cryptnet.dll (00007FFC17F50000), size: 200704 (result: 0), SymType: '-deferred-', PDB: '', fileVersion: 10.0.19041.906
C:\Windows\SYSTEM32\drvstore.dll:drvstore.dll (00007FFC144A0000), size: 1351680 (result: 0), SymType: '-deferred-', PDB: '', fileVersion: 10.0.19041.1320
C:\Windows\SYSTEM32\devobj.dll:devobj.dll (00007FFC1EA90000), size: 212992 (result: 0), SymType: '-deferred-', PDB: '', fileVersion: 10.0.19041.1151
C:\Windows\System32\imagehlp.dll:imagehlp.dll (00007FFC20600000), size: 118784 (result: 0), SymType: '-deferred-', PDB: '', fileVersion: 10.0.19041.1415
C:\Windows\SYSTEM32\CRYPTSP.dll:CRYPTSP.dll (00007FFC1E6A0000), size: 98304 (result: 0), SymType: '-deferred-', PDB: '', fileVersion: 10.0.19041.546
C:\Windows\system32\rsaenh.dll:rsaenh.dll (00007FFC1DDB0000), size: 212992 (result: 0), SymType: '-deferred-', PDB: '', fileVersion: 10.0.19041.1052
C:\Windows\System32\DriverStore\FileRepository\nv_dispi.inf_amd64_31a2adf8c49e7799\nvwgf2umx.dll:nvwgf2umx.dll (00007FFBD9E40000), size: 43155456 (result: 0), SymType: '-deferred-', PDB: '', fileVersion: 30.0.15.1165
C:\Windows\system32\nvspcap64.dll:nvspcap64.dll (00007FFBA0930000), size: 2904064 (result: 0), SymType: '-deferred-', PDB: '', fileVersion: 3.24.0.126
C:\Windows\SYSTEM32\ntmarta.dll:ntmarta.dll (00007FFC1DB00000), size: 208896 (result: 0), SymType: '-deferred-', PDB: '', fileVersion: 10.0.19041.546
C:\Windows\SYSTEM32\dxcore.dll:dxcore.dll (00007FFC198D0000), size: 241664 (result: 0), SymType: '-deferred-', PDB: '', fileVersion: 10.0.19041.546
C:\Windows\system32\wbem\wbemprox.dll:wbemprox.dll (00007FFC13BB0000), size: 69632 (result: 0), SymType: '-deferred-', PDB: '', fileVersion: 10.0.19041.1320
C:\Windows\SYSTEM32\wbemcomn.dll:wbemcomn.dll (00007FFC0FF60000), size: 598016 (result: 0), SymType: '-deferred-', PDB: '', fileVersion: 10.0.19041.1081
C:\Windows\system32\wbem\wbemsvc.dll:wbemsvc.dll (00007FFC0EF40000), size: 81920 (result: 0), SymType: '-deferred-', PDB: '', fileVersion: 10.0.19041.1320
C:\Windows\system32\wbem\fastprox.dll:fastprox.dll (00007FFC0E9A0000), size: 1093632 (result: 0), SymType: '-deferred-', PDB: '', fileVersion: 10.0.19041.546
C:\Windows\SYSTEM32\amsi.dll:amsi.dll (00007FFC17730000), size: 102400 (result: 0), SymType: '-deferred-', PDB: '', fileVersion: 10.0.19041.746
C:\Windows\SYSTEM32\USERENV.dll:USERENV.dll (00007FFC1EBF0000), size: 188416 (result: 0), SymType: '-deferred-', PDB: '', fileVersion: 10.0.19041.572
C:\Program Files (x86)\Kaspersky Lab\Kaspersky Endpoint Security for Windows\x64\antimalware_provider.dll:antimalware_provider.dll (00007FFC125C0000), size: 2351104 (result: 0), SymType: '-deferred-', PDB: '', fileVersion: 30.689.0.250
C:\Program Files\Unity\Hub\Editor\2020.3.7f1\Editor\cudart64_90.dll:cudart64_90.dll (00007FFB61CE0000), size: 397312 (result: 0), SymType: '-deferred-', PDB: '', fileVersion: 6.14.11.9000
C:\Windows\SYSTEM32\opencl.dll:opencl.dll (00007FFB61B70000), size: 1474560 (result: 0), SymType: '-deferred-', PDB: '', fileVersion: 3.0.1.0
C:\Program Files\Unity\Hub\Editor\2020.3.7f1\Editor\radeonrays.dll:radeonrays.dll (00007FFB61AE0000), size: 552960 (result: 0), SymType: '-deferred-', PDB: ''
C:\Program Files\Unity\Hub\Editor\2020.3.7f1\Editor\Data\MonoBleedingEdge\EmbedRuntime\mono-2.0-bdwgc.dll:mono-2.0-bdwgc.dll (00007FFB61370000), size: 7790592 (result: 0), SymType: '-deferred-', PDB: ''
C:\Windows\System32\PSAPI.DLL:PSAPI.DLL (00007FFC21030000), size: 32768 (result: 0), SymType: '-deferred-', PDB: '', fileVersion: 10.0.19041.546
C:\ProgramData\Microsoft\VisualStudio\Setup\x64\Microsoft.VisualStudio.Setup.Configuration.Native.dll:Microsoft.VisualStudio.Setup.Configuration.Native.dll (00007FFB61320000), size: 327680 (result: 0), SymType: '-deferred-', PDB: '', fileVersion: 2.11.47.9733
C:\Windows\SYSTEM32\PROPSYS.dll:PROPSYS.dll (00007FFC1A0D0000), size: 1007616 (result: 0), SymType: '-deferred-', PDB: '', fileVersion: 7.0.19041.1023
C:\Windows\WinSxS\amd64_microsoft.windows.common-controls_6595b64144ccf1df_6.0.19041.1110_none_60b5254171f9507e\comctl32.dll:comctl32.dll (00007FFC09DC0000), size: 2727936 (result: 0), SymType: '-deferred-', PDB: '', fileVersion: 6.10.19041.1110
C:\Windows\SYSTEM32\WindowsCodecs.dll:WindowsCodecs.dll (00007FFC17D10000), size: 1785856 (result: 0), SymType: '-deferred-', PDB: '', fileVersion: 10.0.19041.1151
C:\Windows\System32\thumbcache.dll:thumbcache.dll (00007FFBF0D20000), size: 417792 (result: 0), SymType: '-deferred-', PDB: '', fileVersion: 10.0.19041.1151
C:\Windows\SYSTEM32\policymanager.dll:policymanager.dll (00007FFC19160000), size: 655360 (result: 0), SymType: '-deferred-', PDB: '', fileVersion: 10.0.19041.1387
C:\Windows\SYSTEM32\msvcp110_win.dll:msvcp110_win.dll (00007FFC1DE40000), size: 565248 (result: 0), SymType: '-deferred-', PDB: '', fileVersion: 10.0.19041.546
C:\Windows\SYSTEM32\dbghelp.dll:dbghelp.dll (00007FFC1CA70000), size: 1982464 (result: 0), SymType: '-deferred-', PDB: '', fileVersion: 10.0.19041.867

========== OUTPUTTING STACK TRACE ==================

0x00007FFC1F074F69 (KERNELBASE) RaiseException
0x00007FF74F2B21FD (Unity) EditorMonoConsole::LogToConsoleImplementation
0x00007FF74F2B314A (Unity) EditorMonoConsole::LogToConsoleImplementation
0x00007FF750E8207E (Unity) DebugStringToFilePostprocessedStacktrace
0x00007FF750E8162F (Unity) DebugStringToFile
0x00007FF74E09DD2E (Unity) CachedReader::OutOfBoundsError
0x00007FF74E09E743 (Unity) CachedReader::Read
0x00007FF74E73D515 (Unity) TransferField_NonArray<StreamedBinaryRead,Converter_String>
0x00007FF74CF850F6 (Unity) ExecuteSerializationCommands<ConfigSettingsRead>
0x00007FF74E761172 (Unity) Transfer_ManagedObject<StreamedBinaryWrite,0>
0x00007FF74E1FDFC6 (Unity) ExecuteSerializationCommands<SafeBinaryRead>
0x00007FF74E204E3E (Unity) TransferScriptingObject<StreamedBinaryRead,0>
0x00007FF74E2202EC (Unity) SerializableManagedRefTransfer::TransferBinaryInstanceOnly
0x00007FF74E200228 (Unity) SerializableManagedRefTransfer::RestoreBackupImpl<SerializableManagedRefBackupGenerator>
0x00007FF74E2000CB (Unity) SerializableManagedRefTransfer::RestoreBackup<SerializableManagedRefBackupGenerator>
0x00007FF74E7881CD (Unity) SerializableManagedRefsUtilities::RestoreBackups
0x00007FF74E6CBD6D (Unity) MonoManager::EndReloadAssembly
0x00007FF74E6D2C69 (Unity) MonoManager::ReloadAssembly
0x00007FF74FA83E51 (Unity) LoadDomainAndUserAssemblies
0x00007FF74FA842FE (Unity) LoadUserAssemblies
0x00007FF74FEECAF8 (Unity) <lambda_32ff519d5c36f44c8f28c9876d6db935>::operator()
0x00007FF74FF906E2 (Unity) asio::detail::completion_handler<core::mutable_function<void __cdecl(void)> >::do_complete
0x00007FF74FF92840 (Unity) asio::detail::win_iocp_io_service::do_one
0x00007FF74FF95FCE (Unity) asio::io_service::run
0x00007FF74FF1967B (Unity) RunAssetImportWorkerClientV2
0x00007FF74FF196D0 (Unity) RunAssetImporterV2
0x00007FF74F40B2A6 (Unity) Application::InitializeProject
0x00007FF74FD8E482 (Unity) WinMain
0x00007FF751C167B6 (Unity) __scrt_common_main_seh
0x00007FFC20557034 (KERNEL32) BaseThreadInitThunk
0x00007FFC21662651 (ntdll) RtlUserThreadStart

========== END OF STACKTRACE ===========

A crash has been intercepted by the crash handler. For call stack and other details, see the latest crash report generated in:
 * C:/Users/ray_m/AppData/Local/Temp/Unity/Editor/Crashes
